2023-08-21 00:20:34 [py.warnings] WARNING: /home/neko/Desktop/task_manage_test/scrapy/venv/lib/python3.11/site-packages/scrapy/utils/request.py:248: ScrapyDeprecationWarning: '2.6' is a deprecated value for the 'REQUEST_FINGERPRINTER_IMPLEMENTATION' setting.

It is also the default value. In other words, it is normal to get this warning if you have not defined a value for the 'REQUEST_FINGERPRINTER_IMPLEMENTATION' setting. This is so for backward compatibility reasons, but it will change in a future version of Scrapy.

See the documentation of the 'REQUEST_FINGERPRINTER_IMPLEMENTATION' setting for information on how to handle this deprecation.
  return cls(crawler)

2023-08-21 00:20:34 [scrapy.extensions.telnet] INFO: Telnet Password: 2b95f12848c9590e
2023-08-21 00:20:35 [scrapy.middleware] INFO: Enabled extensions:
['scrapy.extensions.corestats.CoreStats',
 'scrapy.extensions.telnet.TelnetConsole',
 'scrapy.extensions.memusage.MemoryUsage',
 'scrapy.extensions.logstats.LogStats']
2023-08-21 00:20:35 [scrapy.middleware] INFO: Enabled downloader middlewares:
['scrapy.downloadermiddlewares.httpauth.HttpAuthMiddleware',
 'scrapy.downloadermiddlewares.downloadtimeout.DownloadTimeoutMiddleware',
 'scrapy.downloadermiddlewares.defaultheaders.DefaultHeadersMiddleware',
 'scrapy.downloadermiddlewares.useragent.UserAgentMiddleware',
 'scrapy.downloadermiddlewares.retry.RetryMiddleware',
 'scrapy.downloadermiddlewares.redirect.MetaRefreshMiddleware',
 'scrapy.downloadermiddlewares.httpcompression.HttpCompressionMiddleware',
 'scrapy.downloadermiddlewares.redirect.RedirectMiddleware',
 'scrapy.downloadermiddlewares.cookies.CookiesMiddleware',
 'scrapy.downloadermiddlewares.httpproxy.HttpProxyMiddleware',
 'scrapy.downloadermiddlewares.stats.DownloaderStats']
2023-08-21 00:20:35 [scrapy.middleware] INFO: Enabled spider middlewares:
['scrapy.spidermiddlewares.httperror.HttpErrorMiddleware',
 'scrapy.spidermiddlewares.offsite.OffsiteMiddleware',
 'scrapy.spidermiddlewares.referer.RefererMiddleware',
 'scrapy.spidermiddlewares.urllength.UrlLengthMiddleware',
 'scrapy.spidermiddlewares.depth.DepthMiddleware']
2023-08-21 00:20:35 [scrapy.middleware] INFO: Enabled item pipelines:
[]
2023-08-21 00:20:35 [scrapy.core.engine] INFO: Spider opened
2023-08-21 00:20:35 [scrapy.extensions.logstats] INFO: Crawled 0 pages (at 0 pages/min), scraped 0 items (at 0 items/min)
2023-08-21 00:20:35 [scrapy.extensions.telnet] INFO: Telnet console listening on 127.0.0.1:6023
2023-08-21 00:20:35 [scrapy.spidermiddlewares.urllength] INFO: Ignoring link (url length > 2083): https://www.alib.ru/find3.php4?tfind=%D0%9F%D1%80%D0%B5%D0%B4%D1%81%D1%82%D0%B0%D0%B2%D0%BB%D1%8F%D1%8E%20%D0%B2%D0%B0%D1%88%D0%B5%D0%BC%D1%83%20%D0%B2%D0%BD%D0%B8%D0%BC%D0%B0%D0%BD%D0%B8%D1%8E%20%D0%BE%D0%B4%D0%B8%D0%BD%20%D0%B8%D0%B7%20%D1%8D%D0%BF%D0%B8%D0%B7%D0%BE%D0%B4%D0%BE%D0%B2%20%D1%82%D0%B0%D0%BA%20%D0%BD%D0%B0%D0%B7%D1%8B%D0%B2%D0%B0%D0%B5%D0%BC%D0%BE%D0%B9%20%22%D0%BC%D0%BE%D1%80%D1%81%D0%BA%D0%BE%D0%B9%22%20%D0%B2%D0%BE%D0%B9%D0%BD%D1%8B,%20%D0%BF%D1%80%D0%BE%D0%B8%D0%B7%D0%BE%D1%88%D0%B5%D0%B4%D1%88%D0%B5%D0%B9%20%D0%B2%201756%20%D0%B3.%20%D0%BD%D0%B0%20%D0%BE%D0%B7%D0%B5%D1%80%D0%B5%20%D0%9E%D0%BD%D1%82%D0%B0%D1%80%D0%B8%D0%BE%20%D0%B2%20%D0%A1%D0%B5%D0%B2%D0%B5%D1%80%D0%BD%D0%BE%D0%B9%20%D0%90%D0%BC%D0%B5%D1%80%D0%B8%D0%BA%D0%B5.%20%D0%92%20%D1%85%D0%BE%D0%B4%D0%B5%20%D0%BB%D0%B5%D1%82%D0%BD%D0%B5%D0%B9%20%D0%B2%D0%BE%D0%B5%D0%BD%D0%BD%D0%BE%D0%B9%20%D0%BA%D0%BE%D0%BC%D0%BF%D0%B0%D0%BD%D0%B8%D0%B8%201756%20%D0%B3%D0%BE%D0%B4%D0%B0%20%D1%84%D1%80%D0%B0%D0%BD%D1%86%D1%83%D0%B7%D0%B0%D0%BC%20%D1%83%D0%B4%D0%B0%D0%BB%D0%BE%D1%81%D1%8C%20%D0%B7%D0%B0%D1%85%D0%B2%D0%B0%D1%82%D0%B8%D1%82%D1%8C%20%D0%BD%D0%B5%D0%B1%D0%BE%D0%BB%D1%8C%D1%88%D0%BE%D0%B9%20%D0%B0%D0%BD%D0%B3%D0%BB%D0%B8%D0%B9%D1%81%D0%BA%D0%B8%D0%B9%204-%D1%85%20%D0%BF%D1%83%D1%88%D0%B5%D1%87%D0%BD%D1%8B%D0%B9%20%D0%BA%D0%BE%D1%80%D0%B0%D0%B1%D0%BB%D1%8C%20%D0%B8%20%D0%BC%D0%BE%D1%89%D0%BD%D1%83%D1%8E%20%D0%B0%D0%BD%D0%B3%D0%BB%D0%B8%D0%B9%D1%81%D0%BA%D1%83%D1%8E%20%D0%BA%D1%80%D0%B5%D0%BF%D0%BE%D1%81%D1%82%D1%8C%20%D0%BF%D0%BE%D0%B4%20%D0%BD%D0%B0%D0%B7%D0%B2%D0%B0%D0%BD%D0%B8%D0%B5%D0%BC%20%D0%9E%D1%81%D0%B2%D0%B5%D0%B3%D0%BE.%20%D0%A3%D0%BD%D0%B8%D1%87%D1%82%D0%BE%D0%B6%D0%B8%D0%B2%20%D1%83%D0%BA%D1%80%D0%B5%D0%BF%D0%BB%D0%B5%D0%BD%D0%B8%D1%8F,%20%D0%B7%D0%B0%D1%85%D0%B2%D0%B0%D1%82%D0%B8%D0%B2%20%D0%B1%D0%BE%D0%B3%D0%B0%D1%82%D1%83%D1%8E%20%D0%B4%D0%BE%D0%B1%D1%8B%D1%87%D1%83%20%D0%B8%20%D1%81%D0%B5%D0%BC%D1%8C%20%D0%B1%D1%80%D0%B8%D1%82%D0%B0%D0%BD%D1%81%D0%BA%D0%B8%D1%85%20%D0%BA%D0%BE%D1%80%D0%B0%D0%B1%D0%BB%D0%B5%D0%B9,%20%D1%84%D1%80%D0%B0%D0%BD%D1%86%D1%83%D0%B7%D1%8B%20%D1%83%D0%B4%D0%B0%D0%BB%D0%B8%D0%BB%D0%B8%D1%81%D1%8C.%20%D0%9F%D0%BE%D1%81%D0%BB%D0%B5%20%D1%8D%D1%82%D0%B8%D1%85%20%D0%BA%D1%80%D0%BE%D0%B2%D0%B0%D0%B2%D1%8B%D1%85%20%D1%81%D0%BE%D0%B1%D1%8B%D1%82%D0%B8%D0%B9,%20%D0%B1%D0%BE%D0%B5%D0%B2%D1%8B%D0%B5%20%D0%B4%D0%B5%D0%B9%D1%81%D1%82%D0%B2%D0%B8%D1%8F%20%D0%BD%D0%B0%20%D0%BE%D0%B7%D0%B5%D1%80%D0%B5%20%D0%9E%D0%BD%D1%82%D0%B0%D1%80%D0%B8%D0%BE%20%D0%BD%D0%B0%20%D0%BA%D0%B0%D0%BA%D0%BE%D0%B5-%D1%82%D0%BE%20%D0%B2%D1%80%D0%B5%D0%BC%D1%8F%20%D0%BF%D1%80%D0%B5%D0%BA%D1%80%D0%B0%D1%82%D0%B8%D0%BB%D0%B8%D1%81%D1%8C. 
2023-08-21 00:20:35 [scrapy.core.engine] INFO: Closing spider (finished)
2023-08-21 00:20:35 [alib_spider] INFO: Паук завершил работу успешно
2023-08-21 00:20:35 [scrapy.statscollectors] INFO: Dumping Scrapy stats:
{'downloader/request_bytes': 4130,
 'downloader/request_count': 1,
 'downloader/request_method_count/GET': 1,
 'downloader/response_bytes': 4259,
 'downloader/response_count': 1,
 'downloader/response_status_count/200': 1,
 'elapsed_time_seconds': 0.856444,
 'finish_reason': 'finished',
 'finish_time': datetime.datetime(2023, 8, 20, 14, 20, 35, 888837),
 'httpcompression/response_bytes': 8580,
 'httpcompression/response_count': 1,
 'log_count/INFO': 12,
 'log_count/WARNING': 1,
 'memusage/max': 74272768,
 'memusage/startup': 74272768,
 'request_depth_max': 1,
 'response_received_count': 1,
 'scheduler/dequeued': 1,
 'scheduler/dequeued/memory': 1,
 'scheduler/enqueued': 1,
 'scheduler/enqueued/memory': 1,
 'start_time': datetime.datetime(2023, 8, 20, 14, 20, 35, 32393),
 'urllength/request_ignored_count': 1}
2023-08-21 00:20:35 [scrapy.core.engine] INFO: Spider closed (finished)
2023-08-21 00:21:24 [py.warnings] WARNING: /home/neko/Desktop/task_manage_test/scrapy/venv/lib/python3.11/site-packages/scrapy/utils/request.py:248: ScrapyDeprecationWarning: '2.6' is a deprecated value for the 'REQUEST_FINGERPRINTER_IMPLEMENTATION' setting.

It is also the default value. In other words, it is normal to get this warning if you have not defined a value for the 'REQUEST_FINGERPRINTER_IMPLEMENTATION' setting. This is so for backward compatibility reasons, but it will change in a future version of Scrapy.

See the documentation of the 'REQUEST_FINGERPRINTER_IMPLEMENTATION' setting for information on how to handle this deprecation.
  return cls(crawler)

2023-08-21 00:21:24 [scrapy.extensions.telnet] INFO: Telnet Password: 903525c26fe636a8
2023-08-21 00:21:24 [scrapy.middleware] INFO: Enabled extensions:
['scrapy.extensions.corestats.CoreStats',
 'scrapy.extensions.telnet.TelnetConsole',
 'scrapy.extensions.memusage.MemoryUsage',
 'scrapy.extensions.logstats.LogStats']
2023-08-21 00:21:24 [scrapy.middleware] INFO: Enabled downloader middlewares:
['scrapy.downloadermiddlewares.httpauth.HttpAuthMiddleware',
 'scrapy.downloadermiddlewares.downloadtimeout.DownloadTimeoutMiddleware',
 'scrapy.downloadermiddlewares.defaultheaders.DefaultHeadersMiddleware',
 'scrapy.downloadermiddlewares.useragent.UserAgentMiddleware',
 'scrapy.downloadermiddlewares.retry.RetryMiddleware',
 'scrapy.downloadermiddlewares.redirect.MetaRefreshMiddleware',
 'scrapy.downloadermiddlewares.httpcompression.HttpCompressionMiddleware',
 'scrapy.downloadermiddlewares.redirect.RedirectMiddleware',
 'scrapy.downloadermiddlewares.cookies.CookiesMiddleware',
 'scrapy.downloadermiddlewares.httpproxy.HttpProxyMiddleware',
 'scrapy.downloadermiddlewares.stats.DownloaderStats']
2023-08-21 00:21:24 [scrapy.middleware] INFO: Enabled spider middlewares:
['scrapy.spidermiddlewares.httperror.HttpErrorMiddleware',
 'scrapy.spidermiddlewares.offsite.OffsiteMiddleware',
 'scrapy.spidermiddlewares.referer.RefererMiddleware',
 'scrapy.spidermiddlewares.urllength.UrlLengthMiddleware',
 'scrapy.spidermiddlewares.depth.DepthMiddleware']
2023-08-21 00:21:24 [scrapy.middleware] INFO: Enabled item pipelines:
[]
2023-08-21 00:21:24 [scrapy.core.engine] INFO: Spider opened
2023-08-21 00:21:24 [scrapy.extensions.logstats] INFO: Crawled 0 pages (at 0 pages/min), scraped 0 items (at 0 items/min)
2023-08-21 00:21:24 [scrapy.extensions.telnet] INFO: Telnet console listening on 127.0.0.1:6023
2023-08-21 00:21:27 [scrapy.spidermiddlewares.urllength] INFO: Ignoring link (url length > 2083): https://www.alib.ru/find3.php4?tfind=%D0%AD%D1%82%D0%BE%20%D1%80%D0%B0%D1%81%D0%BA%D1%80%D0%B0%D1%81%D0%BA%D0%B0%20%D0%B4%D0%BB%D1%8F%20%D0%B2%D0%B7%D1%80%D0%BE%D1%81%D0%BB%D1%8B%D1%85%20%D0%B8%20%D0%B4%D0%B5%D1%82%D0%B5%D0%B9%20%D1%81%D1%82%D0%B0%D1%80%D1%88%D0%B5%D0%B3%D0%BE%20%D0%B2%D0%BE%D0%B7%D1%80%D0%B0%D1%81%D1%82%D0%B0%20%D1%81%20%D0%B3%D0%B5%D0%BE%D0%BC%D0%B5%D1%82%D1%80%D0%B8%D1%87%D0%B5%D1%81%D0%BA%D0%B8%D0%BC%D0%B8%20%D1%83%D0%B7%D0%BE%D1%80%D0%B0%D0%BC%D0%B8,%20%D0%B7%D0%B0%D0%BD%D0%B8%D0%BC%D0%B0%D1%82%D0%B5%D0%BB%D1%8C%D0%BD%D1%8B%D0%BC%D0%B8%20%D0%B7%D0%B0%D0%B4%D0%B0%D0%BD%D0%B8%D1%8F%D0%BC%D0%B8%20%D0%B8%20%D0%B8%D0%B3%D1%80%D0%B0%D0%BC%D0%B8.%20%D0%9E%D0%BD%D0%B0%20%D0%B2%D1%81%D1%8F%20%D1%81%D0%BE%D1%81%D1%82%D0%BE%D0%B8%D1%82%20%D0%B8%D0%B7%20%D0%BA%D0%B2%D0%B0%D0%B4%D1%80%D0%B0%D1%82%D0%B8%D0%BA%D0%BE%D0%B2,%20%D0%BA%D1%80%D1%83%D0%B6%D0%BE%D1%87%D0%BA%D0%BE%D0%B2%20%D0%B8%20%D1%82%D1%80%D0%B5%D1%83%D0%B3%D0%BE%D0%BB%D1%8C%D0%BD%D0%B8%D1%87%D0%BA%D0%BE%D0%B2,%20%D0%BF%D0%BE%D0%BC%D0%BD%D0%BE%D0%B6%D0%B5%D0%BD%D0%BD%D1%8B%D1%85%20%D0%BD%D0%B0%20%D1%80%D1%83%D1%81%D1%81%D0%BA%D0%B8%D0%B5%20%D0%BD%D0%B0%D1%80%D0%BE%D0%B4%D0%BD%D1%8B%D0%B5%20%D1%80%D0%B5%D0%BC%D1%91%D1%81%D0%BB%D0%B0.%D0%9A%D0%BD%D0%B8%D0%B3%D0%B0%20%D0%BF%D0%BE%D0%BC%D0%BE%D0%B6%D0%B5%D1%82%20%D0%B2%D0%B0%D0%BC%20%D0%BD%D0%B0%D1%83%D1%87%D0%B8%D1%82%D1%8C%D1%81%D1%8F%20%D1%80%D0%B0%D0%B1%D0%BE%D1%82%D0%B0%D1%82%D1%8C%20%D1%81%20%D1%86%D0%B2%D0%B5%D1%82%D0%BE%D0%BC,%20%D1%87%D1%83%D0%B2%D1%81%D1%82%D0%B2%D0%BE%D0%B2%D0%B0%D1%82%D1%8C%20%D1%84%D0%BE%D1%80%D0%BC%D1%83%20%D0%B8%20%D0%BA%D0%BE%D0%BC%D0%BF%D0%BE%D0%B7%D0%B8%D1%86%D0%B8%D1%8E.%20%D0%9E%D0%BD%D0%B0%20%D0%BF%D0%BE%D0%BB%D0%BD%D0%B0%20%D0%BF%D1%80%D0%BE%D1%81%D1%82%D1%8B%D1%85%20%D0%B8%20%D1%81%D0%BB%D0%BE%D0%B6%D0%BD%D1%8B%D1%85%20%D1%83%D0%B7%D0%BE%D1%80%D0%BE%D0%B2%20%D0%B8%20%D0%BE%D1%80%D0%BD%D0%B0%D0%BC%D0%B5%D0%BD%D1%82%D0%BE%D0%B2%20%D0%B8%D0%B7%20%D0%B3%D0%B5%D0%BE%D0%BC%D0%B5%D1%82%D1%80%D0%B8%D1%87%D0%B5%D1%81%D0%BA%D0%B8%D1%85%20%D1%84%D0%B8%D0%B3%D1%83%D1%80,%20%D0%BA%D0%BE%D1%82%D0%BE%D1%80%D1%8B%D0%B5%20%D0%BC%D0%BE%D0%B6%D0%BD%D0%BE%20%D1%80%D0%B0%D1%81%D0%BA%D1%80%D0%B0%D1%88%D0%B8%D0%B2%D0%B0%D1%82%D1%8C%20%D1%87%D0%B0%D1%81%D0%B0%D0%BC%D0%B8%20%D0%BD%D0%B0%D0%BF%D1%80%D0%BE%D0%BB%D1%91%D1%82.%20%D0%97%D0%B4%D0%B5%D1%81%D1%8C%20%D1%81%D0%BE%D0%B1%D1%80%D0%B0%D0%BD%D1%8B%20%D0%BF%D1%80%D0%BE%D1%81%D1%82%D1%8B%D0%B5%20%D0%B7%D0%B0%D0%B4%D0%B0%D0%BD%D0%B8%D1%8F%20%D0%B4%D0%BB%D1%8F%20%D1%82%D1%80%D0%B5%D0%BD%D0%B8%D1%80%D0%BE%D0%B2%D0%BA%D0%B8%20%D1%83%D0%BC%D0%B0,%20%D1%84%D0%B0%D0%BD%D1%82%D0%B0%D0%B7%D0%B8%D0%B8%20%D0%B8%20%D0%BD%D0%B0%D0%B1%D0%BB%D1%8E%D0%B4%D0%B0%D1%82%D0%B5%D0%BB%D1%8C%D0%BD%D0%BE%D1%81%D1%82%D0%B8.%D0%A2%D0%B0%D0%BA%D0%B6%D0%B5%20%D0%B5%D1%81%D1%82%D1%8C%20%D0%BB%D1%8E%D0%B1%D0%B8%D0%BC%D1%8B%D0%B5%20%D0%BA%D0%BB%D0%B0%D1%81%D1%81%D0%B8%D1%87%D0%B5%D1%81%D0%BA%D0%B8%D0%B5%20%D0%B8%D0%B3%D1%80%D1%8B,%20%D0%B2%20%D0%BA%D0%BE%D1%82%D0%BE%D1%80%D1%8B%D0%B5%20%D0%BC%D0%BE%D0%B6%D0%BD%D0%BE%20%D0%B8%D0%B3%D1%80%D0%B0%D1%82%D1%8C%20%D0%B2%D0%B4%D0%B2%D0%BE%D1%91%D0%BC.%20%D0%9D%D0%B5%D0%BA%D0%BE%D1%82%D0%BE%D1%80%D1%8B%D0%B5%20%D0%B4%D0%B5%D1%82%D0%B0%D0%BB%D0%B8%20%D1%83%D0%B7%D0%BE%D1%80%D0%BE%D0%B2%20%D1%83%D0%B6%D0%B5%20%D0%B7%D0%B0%D0%BA%D1%80%D0%B0%D1%88%D0%B5%D0%BD%D1%8B%20%D0%B1%D0%BB%D0%B5%D1%81%D1%82%D1%8F%D1%89%D0%B5%D0%B9%20%D0%BA%D1%80%D0%B0%D1%81%D0%BA%D0%BE%D0%B9,%20%D0%BF%D0%BE%D1%8D%D1%82%D0%BE%D0%BC%D1%83%20%D1%80%D0%B0%D0%B7%D1%83%D0%BA%D1%80%D0%B0%D1%88%D0%B8%D0%B2%D0%B0%D1%82%D1%8C%20%D0%B8%D1%85%20%D0%B1%D1%83%D0%B4%D0%B5%D1%82%20%D0%B5%D1%89%D1%91%20%D0%B8%D0%BD%D1%82%D0%B5%D1%80%D0%B5%D1%81%D0%BD%D0%B5%D0%B5%20%D0%B8%20%D1%83%D0%B2%D0%BB%D0%B5%D0%BA%D0%B0%D1%82%D0%B5%D0%BB%D1%8C%D0%BD%D0%B5%D0%B5,%20%D0%B0%20%D0%B3%D0%BE%D1%82%D0%BE%D0%B2%D1%8B%D0%B9%20%D1%83%D0%B7%D0%BE%D1%80%20%D1%81%D1%82%D0%B0%D0%BD%D0%B5%D1%82%20%D0%B5%D1%89%D1%91%20%D0%BB%D1%83%D1%87%D1%88%D0%B5! 
2023-08-21 00:21:27 [scrapy.core.engine] INFO: Closing spider (finished)
2023-08-21 00:21:27 [alib_spider] INFO: Паук завершил работу успешно
2023-08-21 00:21:27 [scrapy.statscollectors] INFO: Dumping Scrapy stats:
{'downloader/request_bytes': 2062,
 'downloader/request_count': 1,
 'downloader/request_method_count/GET': 1,
 'downloader/response_bytes': 4263,
 'downloader/response_count': 1,
 'downloader/response_status_count/200': 1,
 'elapsed_time_seconds': 3.051597,
 'finish_reason': 'finished',
 'finish_time': datetime.datetime(2023, 8, 20, 14, 21, 27, 849649),
 'httpcompression/response_bytes': 8572,
 'httpcompression/response_count': 1,
 'log_count/INFO': 12,
 'log_count/WARNING': 1,
 'memusage/max': 76025856,
 'memusage/startup': 76025856,
 'request_depth_max': 1,
 'response_received_count': 1,
 'scheduler/dequeued': 1,
 'scheduler/dequeued/memory': 1,
 'scheduler/enqueued': 1,
 'scheduler/enqueued/memory': 1,
 'start_time': datetime.datetime(2023, 8, 20, 14, 21, 24, 798052),
 'urllength/request_ignored_count': 1}
2023-08-21 00:21:27 [scrapy.core.engine] INFO: Spider closed (finished)
2023-08-21 00:28:51 [py.warnings] WARNING: /home/neko/Desktop/task_manage_test/scrapy/venv/lib/python3.11/site-packages/scrapy/utils/request.py:248: ScrapyDeprecationWarning: '2.6' is a deprecated value for the 'REQUEST_FINGERPRINTER_IMPLEMENTATION' setting.

It is also the default value. In other words, it is normal to get this warning if you have not defined a value for the 'REQUEST_FINGERPRINTER_IMPLEMENTATION' setting. This is so for backward compatibility reasons, but it will change in a future version of Scrapy.

See the documentation of the 'REQUEST_FINGERPRINTER_IMPLEMENTATION' setting for information on how to handle this deprecation.
  return cls(crawler)

2023-08-21 00:28:51 [scrapy.extensions.telnet] INFO: Telnet Password: 1c4a5d47efdfb17e
2023-08-21 00:28:51 [scrapy.middleware] INFO: Enabled extensions:
['scrapy.extensions.corestats.CoreStats',
 'scrapy.extensions.telnet.TelnetConsole',
 'scrapy.extensions.memusage.MemoryUsage',
 'scrapy.extensions.logstats.LogStats']
2023-08-21 00:28:51 [scrapy.middleware] INFO: Enabled downloader middlewares:
['scrapy.downloadermiddlewares.httpauth.HttpAuthMiddleware',
 'scrapy.downloadermiddlewares.downloadtimeout.DownloadTimeoutMiddleware',
 'scrapy.downloadermiddlewares.defaultheaders.DefaultHeadersMiddleware',
 'scrapy.downloadermiddlewares.useragent.UserAgentMiddleware',
 'scrapy.downloadermiddlewares.retry.RetryMiddleware',
 'scrapy.downloadermiddlewares.redirect.MetaRefreshMiddleware',
 'scrapy.downloadermiddlewares.httpcompression.HttpCompressionMiddleware',
 'scrapy.downloadermiddlewares.redirect.RedirectMiddleware',
 'scrapy.downloadermiddlewares.cookies.CookiesMiddleware',
 'scrapy.downloadermiddlewares.httpproxy.HttpProxyMiddleware',
 'scrapy.downloadermiddlewares.stats.DownloaderStats']
2023-08-21 00:28:51 [scrapy.middleware] INFO: Enabled spider middlewares:
['scrapy.spidermiddlewares.httperror.HttpErrorMiddleware',
 'scrapy.spidermiddlewares.offsite.OffsiteMiddleware',
 'scrapy.spidermiddlewares.referer.RefererMiddleware',
 'scrapy.spidermiddlewares.urllength.UrlLengthMiddleware',
 'scrapy.spidermiddlewares.depth.DepthMiddleware']
2023-08-21 00:28:51 [scrapy.middleware] INFO: Enabled item pipelines:
[]
2023-08-21 00:28:51 [scrapy.core.engine] INFO: Spider opened
2023-08-21 00:28:51 [scrapy.extensions.logstats] INFO: Crawled 0 pages (at 0 pages/min), scraped 0 items (at 0 items/min)
2023-08-21 00:28:51 [scrapy.extensions.telnet] INFO: Telnet console listening on 127.0.0.1:6024
2023-08-21 00:28:51 [scrapy.core.engine] ERROR: Error while obtaining start requests
Traceback (most recent call last):
  File "/home/neko/Desktop/task_manage_test/scrapy/venv/lib/python3.11/site-packages/scrapy/core/engine.py", line 180, in _next_request
    request = next(self.slot.start_requests)
              ^^^^^^^^^^^^^^^^^^^^^^^^^^^^^^
  File "/home/neko/Desktop/task_manage_test/scrapy/./des/alib.py", line 28, in start_requests
    url='https://www.alib.ru/find3.php4?tfind={}'.format(self.isbn_list[self.page_count][1]),
                                                         ~~~~~~~~~~~~~~^^^^^^^^^^^^^^^^^
IndexError: list index out of range
2023-08-21 00:28:51 [scrapy.core.engine] INFO: Closing spider (finished)
2023-08-21 00:28:51 [alib_spider] INFO: Паук завершил работу успешно
2023-08-21 00:28:51 [scrapy.statscollectors] INFO: Dumping Scrapy stats:
{'elapsed_time_seconds': 0.003067,
 'finish_reason': 'finished',
 'finish_time': datetime.datetime(2023, 8, 20, 14, 28, 51, 977371),
 'log_count/ERROR': 1,
 'log_count/INFO': 11,
 'log_count/WARNING': 1,
 'memusage/max': 77897728,
 'memusage/startup': 77897728,
 'start_time': datetime.datetime(2023, 8, 20, 14, 28, 51, 974304)}
2023-08-21 00:28:51 [scrapy.core.engine] INFO: Spider closed (finished)
2023-08-23 01:00:01 [py.warnings] WARNING: /home/neko/Desktop/task_manager/scrapy/venv/lib/python3.11/site-packages/scrapy/utils/request.py:248: ScrapyDeprecationWarning: '2.6' is a deprecated value for the 'REQUEST_FINGERPRINTER_IMPLEMENTATION' setting.

It is also the default value. In other words, it is normal to get this warning if you have not defined a value for the 'REQUEST_FINGERPRINTER_IMPLEMENTATION' setting. This is so for backward compatibility reasons, but it will change in a future version of Scrapy.

See the documentation of the 'REQUEST_FINGERPRINTER_IMPLEMENTATION' setting for information on how to handle this deprecation.
  return cls(crawler)

2023-08-23 01:00:01 [scrapy.extensions.telnet] INFO: Telnet Password: fee171067a45e40b
2023-08-23 01:00:01 [scrapy.middleware] INFO: Enabled extensions:
['scrapy.extensions.corestats.CoreStats',
 'scrapy.extensions.telnet.TelnetConsole',
 'scrapy.extensions.memusage.MemoryUsage',
 'scrapy.extensions.logstats.LogStats']
2023-08-23 01:00:01 [scrapy.middleware] INFO: Enabled downloader middlewares:
['scrapy.downloadermiddlewares.httpauth.HttpAuthMiddleware',
 'scrapy.downloadermiddlewares.downloadtimeout.DownloadTimeoutMiddleware',
 'scrapy.downloadermiddlewares.defaultheaders.DefaultHeadersMiddleware',
 'scrapy.downloadermiddlewares.useragent.UserAgentMiddleware',
 'scrapy.downloadermiddlewares.retry.RetryMiddleware',
 'scrapy.downloadermiddlewares.redirect.MetaRefreshMiddleware',
 'scrapy.downloadermiddlewares.httpcompression.HttpCompressionMiddleware',
 'scrapy.downloadermiddlewares.redirect.RedirectMiddleware',
 'scrapy.downloadermiddlewares.cookies.CookiesMiddleware',
 'scrapy.downloadermiddlewares.httpproxy.HttpProxyMiddleware',
 'scrapy.downloadermiddlewares.stats.DownloaderStats']
2023-08-23 01:00:01 [scrapy.middleware] INFO: Enabled spider middlewares:
['scrapy.spidermiddlewares.httperror.HttpErrorMiddleware',
 'scrapy.spidermiddlewares.offsite.OffsiteMiddleware',
 'scrapy.spidermiddlewares.referer.RefererMiddleware',
 'scrapy.spidermiddlewares.urllength.UrlLengthMiddleware',
 'scrapy.spidermiddlewares.depth.DepthMiddleware']
2023-08-23 01:00:01 [scrapy.middleware] INFO: Enabled item pipelines:
[]
2023-08-23 01:00:01 [scrapy.core.engine] INFO: Spider opened
2023-08-23 01:00:01 [scrapy.extensions.logstats] INFO: Crawled 0 pages (at 0 pages/min), scraped 0 items (at 0 items/min)
2023-08-23 01:00:01 [scrapy.extensions.telnet] INFO: Telnet console listening on 127.0.0.1:6024
2023-08-23 01:00:04 [scrapy.core.engine] INFO: Closing spider (finished)
2023-08-23 01:00:04 [alib_spider] INFO: Паук завершил работу успешно
2023-08-23 01:00:04 [scrapy.statscollectors] INFO: Dumping Scrapy stats:
{'downloader/request_bytes': 1152,
 'downloader/request_count': 3,
 'downloader/request_method_count/GET': 3,
 'downloader/response_bytes': 11407,
 'downloader/response_count': 3,
 'downloader/response_status_count/200': 3,
 'elapsed_time_seconds': 2.353575,
 'finish_reason': 'finished',
 'finish_time': datetime.datetime(2023, 8, 22, 15, 0, 4, 292449),
 'httpcompression/response_bytes': 23924,
 'httpcompression/response_count': 3,
 'log_count/INFO': 11,
 'log_count/WARNING': 1,
 'memusage/max': 64806912,
 'memusage/startup': 64806912,
 'request_depth_max': 2,
 'response_received_count': 3,
 'scheduler/dequeued': 3,
 'scheduler/dequeued/memory': 3,
 'scheduler/enqueued': 3,
 'scheduler/enqueued/memory': 3,
 'start_time': datetime.datetime(2023, 8, 22, 15, 0, 1, 938874)}
2023-08-23 01:00:04 [scrapy.core.engine] INFO: Spider closed (finished)
2023-08-23 01:00:53 [py.warnings] WARNING: /home/neko/Desktop/task_manager/scrapy/venv/lib/python3.11/site-packages/scrapy/utils/request.py:248: ScrapyDeprecationWarning: '2.6' is a deprecated value for the 'REQUEST_FINGERPRINTER_IMPLEMENTATION' setting.

It is also the default value. In other words, it is normal to get this warning if you have not defined a value for the 'REQUEST_FINGERPRINTER_IMPLEMENTATION' setting. This is so for backward compatibility reasons, but it will change in a future version of Scrapy.

See the documentation of the 'REQUEST_FINGERPRINTER_IMPLEMENTATION' setting for information on how to handle this deprecation.
  return cls(crawler)

2023-08-23 01:00:53 [scrapy.extensions.telnet] INFO: Telnet Password: 6ae3cae7085c21cb
2023-08-23 01:00:54 [scrapy.middleware] INFO: Enabled extensions:
['scrapy.extensions.corestats.CoreStats',
 'scrapy.extensions.telnet.TelnetConsole',
 'scrapy.extensions.memusage.MemoryUsage',
 'scrapy.extensions.logstats.LogStats']
2023-08-23 01:00:54 [scrapy.middleware] INFO: Enabled downloader middlewares:
['scrapy.downloadermiddlewares.httpauth.HttpAuthMiddleware',
 'scrapy.downloadermiddlewares.downloadtimeout.DownloadTimeoutMiddleware',
 'scrapy.downloadermiddlewares.defaultheaders.DefaultHeadersMiddleware',
 'scrapy.downloadermiddlewares.useragent.UserAgentMiddleware',
 'scrapy.downloadermiddlewares.retry.RetryMiddleware',
 'scrapy.downloadermiddlewares.redirect.MetaRefreshMiddleware',
 'scrapy.downloadermiddlewares.httpcompression.HttpCompressionMiddleware',
 'scrapy.downloadermiddlewares.redirect.RedirectMiddleware',
 'scrapy.downloadermiddlewares.cookies.CookiesMiddleware',
 'scrapy.downloadermiddlewares.httpproxy.HttpProxyMiddleware',
 'scrapy.downloadermiddlewares.stats.DownloaderStats']
2023-08-23 01:00:54 [scrapy.middleware] INFO: Enabled spider middlewares:
['scrapy.spidermiddlewares.httperror.HttpErrorMiddleware',
 'scrapy.spidermiddlewares.offsite.OffsiteMiddleware',
 'scrapy.spidermiddlewares.referer.RefererMiddleware',
 'scrapy.spidermiddlewares.urllength.UrlLengthMiddleware',
 'scrapy.spidermiddlewares.depth.DepthMiddleware']
2023-08-23 01:00:54 [scrapy.middleware] INFO: Enabled item pipelines:
[]
2023-08-23 01:00:54 [scrapy.core.engine] INFO: Spider opened
2023-08-23 01:00:54 [scrapy.extensions.logstats] INFO: Crawled 0 pages (at 0 pages/min), scraped 0 items (at 0 items/min)
2023-08-23 01:00:54 [scrapy.extensions.telnet] INFO: Telnet console listening on 127.0.0.1:6023
2023-08-23 01:00:55 [scrapy.core.engine] INFO: Closing spider (finished)
2023-08-23 01:00:55 [alib_spider] INFO: Паук завершил работу успешно
2023-08-23 01:00:55 [scrapy.statscollectors] INFO: Dumping Scrapy stats:
{'downloader/request_bytes': 1152,
 'downloader/request_count': 3,
 'downloader/request_method_count/GET': 3,
 'downloader/response_bytes': 11474,
 'downloader/response_count': 3,
 'downloader/response_status_count/200': 3,
 'elapsed_time_seconds': 1.660063,
 'finish_reason': 'finished',
 'finish_time': datetime.datetime(2023, 8, 22, 15, 0, 55, 807436),
 'httpcompression/response_bytes': 24177,
 'httpcompression/response_count': 3,
 'log_count/INFO': 11,
 'log_count/WARNING': 1,
 'memusage/max': 65110016,
 'memusage/startup': 65110016,
 'request_depth_max': 2,
 'response_received_count': 3,
 'scheduler/dequeued': 3,
 'scheduler/dequeued/memory': 3,
 'scheduler/enqueued': 3,
 'scheduler/enqueued/memory': 3,
 'start_time': datetime.datetime(2023, 8, 22, 15, 0, 54, 147373)}
2023-08-23 01:00:55 [scrapy.core.engine] INFO: Spider closed (finished)
2023-08-23 01:02:00 [py.warnings] WARNING: /home/neko/Desktop/task_manager/scrapy/venv/lib/python3.11/site-packages/scrapy/utils/request.py:248: ScrapyDeprecationWarning: '2.6' is a deprecated value for the 'REQUEST_FINGERPRINTER_IMPLEMENTATION' setting.

It is also the default value. In other words, it is normal to get this warning if you have not defined a value for the 'REQUEST_FINGERPRINTER_IMPLEMENTATION' setting. This is so for backward compatibility reasons, but it will change in a future version of Scrapy.

See the documentation of the 'REQUEST_FINGERPRINTER_IMPLEMENTATION' setting for information on how to handle this deprecation.
  return cls(crawler)

2023-08-23 01:02:00 [scrapy.extensions.telnet] INFO: Telnet Password: 9e1a2dfc595da31e
2023-08-23 01:02:00 [scrapy.middleware] INFO: Enabled extensions:
['scrapy.extensions.corestats.CoreStats',
 'scrapy.extensions.telnet.TelnetConsole',
 'scrapy.extensions.memusage.MemoryUsage',
 'scrapy.extensions.logstats.LogStats']
2023-08-23 01:02:00 [scrapy.middleware] INFO: Enabled downloader middlewares:
['scrapy.downloadermiddlewares.httpauth.HttpAuthMiddleware',
 'scrapy.downloadermiddlewares.downloadtimeout.DownloadTimeoutMiddleware',
 'scrapy.downloadermiddlewares.defaultheaders.DefaultHeadersMiddleware',
 'scrapy.downloadermiddlewares.useragent.UserAgentMiddleware',
 'scrapy.downloadermiddlewares.retry.RetryMiddleware',
 'scrapy.downloadermiddlewares.redirect.MetaRefreshMiddleware',
 'scrapy.downloadermiddlewares.httpcompression.HttpCompressionMiddleware',
 'scrapy.downloadermiddlewares.redirect.RedirectMiddleware',
 'scrapy.downloadermiddlewares.cookies.CookiesMiddleware',
 'scrapy.downloadermiddlewares.httpproxy.HttpProxyMiddleware',
 'scrapy.downloadermiddlewares.stats.DownloaderStats']
2023-08-23 01:02:00 [scrapy.middleware] INFO: Enabled spider middlewares:
['scrapy.spidermiddlewares.httperror.HttpErrorMiddleware',
 'scrapy.spidermiddlewares.offsite.OffsiteMiddleware',
 'scrapy.spidermiddlewares.referer.RefererMiddleware',
 'scrapy.spidermiddlewares.urllength.UrlLengthMiddleware',
 'scrapy.spidermiddlewares.depth.DepthMiddleware']
2023-08-23 01:02:00 [scrapy.middleware] INFO: Enabled item pipelines:
[]
2023-08-23 01:02:00 [scrapy.core.engine] INFO: Spider opened
2023-08-23 01:02:00 [scrapy.extensions.logstats] INFO: Crawled 0 pages (at 0 pages/min), scraped 0 items (at 0 items/min)
2023-08-23 01:02:00 [scrapy.extensions.telnet] INFO: Telnet console listening on 127.0.0.1:6024
2023-08-23 01:02:03 [scrapy.core.engine] INFO: Closing spider (finished)
2023-08-23 01:02:03 [alib_spider] INFO: Паук завершил работу успешно
2023-08-23 01:02:03 [scrapy.statscollectors] INFO: Dumping Scrapy stats:
{'downloader/request_bytes': 1152,
 'downloader/request_count': 3,
 'downloader/request_method_count/GET': 3,
 'downloader/response_bytes': 11474,
 'downloader/response_count': 3,
 'downloader/response_status_count/200': 3,
 'elapsed_time_seconds': 2.767133,
 'finish_reason': 'finished',
 'finish_time': datetime.datetime(2023, 8, 22, 15, 2, 3, 131220),
 'httpcompression/response_bytes': 24177,
 'httpcompression/response_count': 3,
 'log_count/INFO': 11,
 'log_count/WARNING': 1,
 'memusage/max': 65159168,
 'memusage/startup': 65159168,
 'request_depth_max': 2,
 'response_received_count': 3,
 'scheduler/dequeued': 3,
 'scheduler/dequeued/memory': 3,
 'scheduler/enqueued': 3,
 'scheduler/enqueued/memory': 3,
 'start_time': datetime.datetime(2023, 8, 22, 15, 2, 0, 364087)}
2023-08-23 01:02:03 [scrapy.core.engine] INFO: Spider closed (finished)
2023-08-23 01:06:29 [py.warnings] WARNING: /home/neko/Desktop/task_manager/scrapy/venv/lib/python3.11/site-packages/scrapy/utils/request.py:248: ScrapyDeprecationWarning: '2.6' is a deprecated value for the 'REQUEST_FINGERPRINTER_IMPLEMENTATION' setting.

It is also the default value. In other words, it is normal to get this warning if you have not defined a value for the 'REQUEST_FINGERPRINTER_IMPLEMENTATION' setting. This is so for backward compatibility reasons, but it will change in a future version of Scrapy.

See the documentation of the 'REQUEST_FINGERPRINTER_IMPLEMENTATION' setting for information on how to handle this deprecation.
  return cls(crawler)

2023-08-23 01:06:29 [scrapy.extensions.telnet] INFO: Telnet Password: 44998f7e04145033
2023-08-23 01:06:29 [scrapy.middleware] INFO: Enabled extensions:
['scrapy.extensions.corestats.CoreStats',
 'scrapy.extensions.telnet.TelnetConsole',
 'scrapy.extensions.memusage.MemoryUsage',
 'scrapy.extensions.logstats.LogStats']
2023-08-23 01:06:29 [scrapy.middleware] INFO: Enabled downloader middlewares:
['scrapy.downloadermiddlewares.httpauth.HttpAuthMiddleware',
 'scrapy.downloadermiddlewares.downloadtimeout.DownloadTimeoutMiddleware',
 'scrapy.downloadermiddlewares.defaultheaders.DefaultHeadersMiddleware',
 'scrapy.downloadermiddlewares.useragent.UserAgentMiddleware',
 'scrapy.downloadermiddlewares.retry.RetryMiddleware',
 'scrapy.downloadermiddlewares.redirect.MetaRefreshMiddleware',
 'scrapy.downloadermiddlewares.httpcompression.HttpCompressionMiddleware',
 'scrapy.downloadermiddlewares.redirect.RedirectMiddleware',
 'scrapy.downloadermiddlewares.cookies.CookiesMiddleware',
 'scrapy.downloadermiddlewares.httpproxy.HttpProxyMiddleware',
 'scrapy.downloadermiddlewares.stats.DownloaderStats']
2023-08-23 01:06:29 [scrapy.middleware] INFO: Enabled spider middlewares:
['scrapy.spidermiddlewares.httperror.HttpErrorMiddleware',
 'scrapy.spidermiddlewares.offsite.OffsiteMiddleware',
 'scrapy.spidermiddlewares.referer.RefererMiddleware',
 'scrapy.spidermiddlewares.urllength.UrlLengthMiddleware',
 'scrapy.spidermiddlewares.depth.DepthMiddleware']
2023-08-23 01:06:29 [scrapy.middleware] INFO: Enabled item pipelines:
[]
2023-08-23 01:06:29 [scrapy.core.engine] INFO: Spider opened
2023-08-23 01:06:29 [scrapy.extensions.logstats] INFO: Crawled 0 pages (at 0 pages/min), scraped 0 items (at 0 items/min)
2023-08-23 01:06:29 [scrapy.extensions.telnet] INFO: Telnet console listening on 127.0.0.1:6024
2023-08-23 01:06:56 [scrapy.core.engine] INFO: Closing spider (finished)
2023-08-23 01:06:56 [alib_spider] INFO: Паук завершил работу успешно
2023-08-23 01:06:56 [scrapy.statscollectors] INFO: Dumping Scrapy stats:
{'downloader/request_bytes': 27488,
 'downloader/request_count': 61,
 'downloader/request_method_count/GET': 61,
 'downloader/response_bytes': 57682,
 'downloader/response_count': 61,
 'downloader/response_status_count/200': 61,
 'elapsed_time_seconds': 26.602699,
 'finish_reason': 'finished',
 'finish_time': datetime.datetime(2023, 8, 22, 15, 6, 56, 68909),
 'httpcompression/response_bytes': 95799,
 'httpcompression/response_count': 61,
 'log_count/INFO': 11,
 'log_count/WARNING': 1,
 'memusage/max': 64884736,
 'memusage/startup': 64884736,
 'request_depth_max': 60,
 'response_received_count': 61,
 'scheduler/dequeued': 61,
 'scheduler/dequeued/memory': 61,
 'scheduler/enqueued': 61,
 'scheduler/enqueued/memory': 61,
 'start_time': datetime.datetime(2023, 8, 22, 15, 6, 29, 466210)}
2023-08-23 01:06:56 [scrapy.core.engine] INFO: Spider closed (finished)
2023-08-23 01:12:00 [py.warnings] WARNING: /home/neko/Desktop/task_manager/scrapy/venv/lib/python3.11/site-packages/scrapy/utils/request.py:248: ScrapyDeprecationWarning: '2.6' is a deprecated value for the 'REQUEST_FINGERPRINTER_IMPLEMENTATION' setting.

It is also the default value. In other words, it is normal to get this warning if you have not defined a value for the 'REQUEST_FINGERPRINTER_IMPLEMENTATION' setting. This is so for backward compatibility reasons, but it will change in a future version of Scrapy.

See the documentation of the 'REQUEST_FINGERPRINTER_IMPLEMENTATION' setting for information on how to handle this deprecation.
  return cls(crawler)

2023-08-23 01:12:00 [scrapy.extensions.telnet] INFO: Telnet Password: 19a5e741398206cf
2023-08-23 01:12:00 [scrapy.middleware] INFO: Enabled extensions:
['scrapy.extensions.corestats.CoreStats',
 'scrapy.extensions.telnet.TelnetConsole',
 'scrapy.extensions.memusage.MemoryUsage',
 'scrapy.extensions.logstats.LogStats']
2023-08-23 01:12:01 [scrapy.middleware] INFO: Enabled downloader middlewares:
['scrapy.downloadermiddlewares.httpauth.HttpAuthMiddleware',
 'scrapy.downloadermiddlewares.downloadtimeout.DownloadTimeoutMiddleware',
 'scrapy.downloadermiddlewares.defaultheaders.DefaultHeadersMiddleware',
 'scrapy.downloadermiddlewares.useragent.UserAgentMiddleware',
 'scrapy.downloadermiddlewares.retry.RetryMiddleware',
 'scrapy.downloadermiddlewares.redirect.MetaRefreshMiddleware',
 'scrapy.downloadermiddlewares.httpcompression.HttpCompressionMiddleware',
 'scrapy.downloadermiddlewares.redirect.RedirectMiddleware',
 'scrapy.downloadermiddlewares.cookies.CookiesMiddleware',
 'scrapy.downloadermiddlewares.httpproxy.HttpProxyMiddleware',
 'scrapy.downloadermiddlewares.stats.DownloaderStats']
2023-08-23 01:12:01 [scrapy.middleware] INFO: Enabled spider middlewares:
['scrapy.spidermiddlewares.httperror.HttpErrorMiddleware',
 'scrapy.spidermiddlewares.offsite.OffsiteMiddleware',
 'scrapy.spidermiddlewares.referer.RefererMiddleware',
 'scrapy.spidermiddlewares.urllength.UrlLengthMiddleware',
 'scrapy.spidermiddlewares.depth.DepthMiddleware']
2023-08-23 01:12:01 [scrapy.middleware] INFO: Enabled item pipelines:
[]
2023-08-23 01:12:01 [scrapy.core.engine] INFO: Spider opened
2023-08-23 01:12:01 [scrapy.extensions.logstats] INFO: Crawled 0 pages (at 0 pages/min), scraped 0 items (at 0 items/min)
2023-08-23 01:12:01 [scrapy.extensions.telnet] INFO: Telnet console listening on 127.0.0.1:6024
2023-08-23 01:12:18 [scrapy.core.engine] INFO: Closing spider (finished)
2023-08-23 01:12:18 [alib_spider] INFO: Паук завершил работу успешно
2023-08-23 01:12:18 [scrapy.statscollectors] INFO: Dumping Scrapy stats:
{'downloader/request_bytes': 12019,
 'downloader/request_count': 27,
 'downloader/request_method_count/GET': 27,
 'downloader/response_bytes': 47126,
 'downloader/response_count': 27,
 'downloader/response_status_count/200': 27,
 'elapsed_time_seconds': 17.24024,
 'finish_reason': 'finished',
 'finish_time': datetime.datetime(2023, 8, 22, 15, 12, 18, 268469),
 'httpcompression/response_bytes': 92209,
 'httpcompression/response_count': 27,
 'log_count/INFO': 11,
 'log_count/WARNING': 1,
 'memusage/max': 86478848,
 'memusage/startup': 86478848,
 'request_depth_max': 26,
 'response_received_count': 27,
 'scheduler/dequeued': 27,
 'scheduler/dequeued/memory': 27,
 'scheduler/enqueued': 27,
 'scheduler/enqueued/memory': 27,
 'start_time': datetime.datetime(2023, 8, 22, 15, 12, 1, 28229)}
2023-08-23 01:12:18 [scrapy.core.engine] INFO: Spider closed (finished)
